<?xml version="1.0" encoding="UTF-8"?>
<!-- Generated by org.testng.reporters.JUnitXMLReporter -->
<testsuite ignored="4" hostname="Tanzellas-MBP.lan" failures="0" tests="1" name="Default test" time="9.775" errors="0" timestamp="2023-03-15T22:21:07 EDT">
  <testcase classname="testPages.HomePageTest" name="saleButtonClickTest" time="0.485"/>
  <testcase classname="testPages.HomePageTest" name="logoTest" time="0.0">
    <ignored/>
  </testcase> <!-- logoTest -->
  <testcase classname="testPages.HomePageTest" name="weddingRegistryClickTest" time="0.0">
    <ignored/>
  </testcase> <!-- weddingRegistryClickTest -->
  <testcase classname="testPages.HomePageTest" name="womanButtonClickTest" time="0.0">
    <ignored/>
  </testcase> <!-- womanButtonClickTest -->
  <testcase classname="testPages.HomePageTest" name="beautyButtonClickTest" time="0.0">
    <ignored/>
  </testcase> <!-- beautyButtonClickTest -->
</testsuite> <!-- Default test -->
