<?xml version="1.0" encoding="UTF-8"?>
<testng-results ignored="4" total="5" passed="1" failed="0" skipped="0">
  <reporter-output>
  </reporter-output>
  <suite started-at="2023-03-15T22:20:57 EDT" name="Default suite" finished-at="2023-03-15T22:21:07 EDT" duration-ms="9775">
    <groups>
    </groups>
    <test started-at="2023-03-15T22:20:57 EDT" name="Default test" finished-at="2023-03-15T22:21:07 EDT" duration-ms="9775">
      <class name="testPages.HomePageTest">
        <test-method is-config="true" signature="setUp()[pri:0, instance:testPages.HomePageTest@72e5a8e]" started-at="2023-03-15T22:20:57 EDT" name="setUp" finished-at="2023-03-15T22:21:06 EDT" duration-ms="8936" status="PASS">
          <reporter-output>
          </reporter-output>
        </test-method> <!-- setUp -->
        <test-method signature="saleButtonClickTest()[pri:0, instance:testPages.HomePageTest@72e5a8e]" started-at="2023-03-15T22:21:06 EDT" name="saleButtonClickTest" finished-at="2023-03-15T22:21:07 EDT" duration-ms="485" status="PASS">
          <reporter-output>
          </reporter-output>
        </test-method> <!-- saleButtonClickTest -->
        <test-method is-config="true" signature="tearUp()[pri:0, instance:testPages.HomePageTest@72e5a8e]" started-at="2023-03-15T22:21:07 EDT" name="tearUp" finished-at="2023-03-15T22:21:07 EDT" duration-ms="286" status="PASS">
          <reporter-output>
          </reporter-output>
        </test-method> <!-- tearUp -->
      </class> <!-- testPages.HomePageTest -->
    </test> <!-- Default test -->
  </suite> <!-- Default suite -->
</testng-results>
